<?xml version="1.0" encoding="UTF-8"?>
<testsuite xmlns:xsi="http://www.w3.org/2001/XMLSchema-instance" xsi:noNamespaceSchemaLocation="https://maven.apache.org/surefire/maven-surefire-plugin/xsd/surefire-test-report-3.0.xsd" version="3.0" name="TestSuite" time="222.434" tests="1" errors="0" skipped="0" failures="0">
  <properties>
    <property name="java.specification.version" value="15"/>
    <property name="sun.cpu.isalist" value="amd64"/>
    <property name="sun.jnu.encoding" value="Cp1252"/>
    <property name="java.class.path" value="C:\Users\ckumar84\Desktop\mobile automation\appium-project\target\test-classes;C:\Users\ckumar84\Desktop\mobile automation\appium-project\target\classes;C:\Users\ckumar84\.m2\repository\org\testng\testng\7.3.0\testng-7.3.0.jar;C:\Users\ckumar84\.m2\repository\com\beust\jcommander\1.78\jcommander-1.78.jar;C:\Users\ckumar84\.m2\repository\org\apache\ant\ant\1.10.3\ant-1.10.3.jar;C:\Users\ckumar84\.m2\repository\org\apache\ant\ant-launcher\1.10.3\ant-launcher-1.10.3.jar;C:\Users\ckumar84\.m2\repository\junit\junit\4.12\junit-4.12.jar;C:\Users\ckumar84\.m2\repository\org\hamcrest\hamcrest-core\1.3\hamcrest-core-1.3.jar;C:\Users\ckumar84\.m2\repository\com\google\inject\guice\4.2.2\guice-4.2.2-no_aop.jar;C:\Users\ckumar84\.m2\repository\org\yaml\snakeyaml\1.21\snakeyaml-1.21.jar;C:\Users\ckumar84\.m2\repository\io\appium\java-client\7.3.0\java-client-7.3.0.jar;C:\Users\ckumar84\.m2\repository\org\seleniumhq\selenium\selenium-java\3.141.59\selenium-java-3.141.59.jar;C:\Users\ckumar84\.m2\repository\org\seleniumhq\selenium\selenium-chrome-driver\3.141.59\selenium-chrome-driver-3.141.59.jar;C:\Users\ckumar84\.m2\repository\org\seleniumhq\selenium\selenium-edge-driver\3.141.59\selenium-edge-driver-3.141.59.jar;C:\Users\ckumar84\.m2\repository\org\seleniumhq\selenium\selenium-firefox-driver\3.141.59\selenium-firefox-driver-3.141.59.jar;C:\Users\ckumar84\.m2\repository\org\seleniumhq\selenium\selenium-ie-driver\3.141.59\selenium-ie-driver-3.141.59.jar;C:\Users\ckumar84\.m2\repository\org\seleniumhq\selenium\selenium-opera-driver\3.141.59\selenium-opera-driver-3.141.59.jar;C:\Users\ckumar84\.m2\repository\org\seleniumhq\selenium\selenium-remote-driver\3.141.59\selenium-remote-driver-3.141.59.jar;C:\Users\ckumar84\.m2\repository\org\seleniumhq\selenium\selenium-safari-driver\3.141.59\selenium-safari-driver-3.141.59.jar;C:\Users\ckumar84\.m2\repository\net\bytebuddy\byte-buddy\1.8.15\byte-buddy-1.8.15.jar;C:\Users\ckumar84\.m2\repository\org\apache\commons\commons-exec\1.3\commons-exec-1.3.jar;C:\Users\ckumar84\.m2\repository\com\squareup\okhttp3\okhttp\3.11.0\okhttp-3.11.0.jar;C:\Users\ckumar84\.m2\repository\com\squareup\okio\okio\1.14.0\okio-1.14.0.jar;C:\Users\ckumar84\.m2\repository\org\seleniumhq\selenium\selenium-support\3.141.59\selenium-support-3.141.59.jar;C:\Users\ckumar84\.m2\repository\org\seleniumhq\selenium\selenium-api\3.141.59\selenium-api-3.141.59.jar;C:\Users\ckumar84\.m2\repository\com\google\code\gson\gson\2.8.5\gson-2.8.5.jar;C:\Users\ckumar84\.m2\repository\org\apache\httpcomponents\httpclient\4.5.9\httpclient-4.5.9.jar;C:\Users\ckumar84\.m2\repository\org\apache\httpcomponents\httpcore\4.4.11\httpcore-4.4.11.jar;C:\Users\ckumar84\.m2\repository\commons-codec\commons-codec\1.11\commons-codec-1.11.jar;C:\Users\ckumar84\.m2\repository\cglib\cglib\3.2.12\cglib-3.2.12.jar;C:\Users\ckumar84\.m2\repository\org\ow2\asm\asm\7.1\asm-7.1.jar;C:\Users\ckumar84\.m2\repository\commons-validator\commons-validator\1.6\commons-validator-1.6.jar;C:\Users\ckumar84\.m2\repository\commons-beanutils\commons-beanutils\1.9.2\commons-beanutils-1.9.2.jar;C:\Users\ckumar84\.m2\repository\commons-digester\commons-digester\1.8.1\commons-digester-1.8.1.jar;C:\Users\ckumar84\.m2\repository\commons-collections\commons-collections\3.2.2\commons-collections-3.2.2.jar;C:\Users\ckumar84\.m2\repository\commons-io\commons-io\2.6\commons-io-2.6.jar;C:\Users\ckumar84\.m2\repository\org\springframework\spring-context\5.1.8.RELEASE\spring-context-5.1.8.RELEASE.jar;C:\Users\ckumar84\.m2\repository\org\springframework\spring-aop\5.1.8.RELEASE\spring-aop-5.1.8.RELEASE.jar;C:\Users\ckumar84\.m2\repository\org\springframework\spring-beans\5.1.8.RELEASE\spring-beans-5.1.8.RELEASE.jar;C:\Users\ckumar84\.m2\repository\org\springframework\spring-core\5.1.8.RELEASE\spring-core-5.1.8.RELEASE.jar;C:\Users\ckumar84\.m2\repository\org\springframework\spring-jcl\5.1.8.RELEASE\spring-jcl-5.1.8.RELEASE.jar;C:\Users\ckumar84\.m2\repository\org\springframework\spring-expression\5.1.8.RELEASE\spring-expression-5.1.8.RELEASE.jar;C:\Users\ckumar84\.m2\repository\org\aspectj\aspectjweaver\1.9.4\aspectjweaver-1.9.4.jar;C:\Users\ckumar84\.m2\repository\org\slf4j\slf4j-api\1.7.26\slf4j-api-1.7.26.jar;C:\Users\ckumar84\.m2\repository\io\github\bonigarcia\webdrivermanager\4.2.2\webdrivermanager-4.2.2.jar;C:\Users\ckumar84\.m2\repository\org\apache\httpcomponents\client5\httpclient5\5.0.1\httpclient5-5.0.1.jar;C:\Users\ckumar84\.m2\repository\org\apache\httpcomponents\core5\httpcore5\5.0.1\httpcore5-5.0.1.jar;C:\Users\ckumar84\.m2\repository\org\apache\httpcomponents\core5\httpcore5-h2\5.0.1\httpcore5-h2-5.0.1.jar;C:\Users\ckumar84\.m2\repository\org\rauschig\jarchivelib\1.1.0\jarchivelib-1.1.0.jar;C:\Users\ckumar84\.m2\repository\org\apache\commons\commons-compress\1.20\commons-compress-1.20.jar;C:\Users\ckumar84\.m2\repository\org\jsoup\jsoup\1.13.1\jsoup-1.13.1.jar;C:\Users\ckumar84\.m2\repository\com\google\android\android\4.1.1.4\android-4.1.1.4.jar;C:\Users\ckumar84\.m2\repository\commons-logging\commons-logging\1.1.1\commons-logging-1.1.1.jar;C:\Users\ckumar84\.m2\repository\org\khronos\opengl-api\gl1.1-android-2.1_r1\opengl-api-gl1.1-android-2.1_r1.jar;C:\Users\ckumar84\.m2\repository\xerces\xmlParserAPIs\2.6.2\xmlParserAPIs-2.6.2.jar;C:\Users\ckumar84\.m2\repository\xpp3\xpp3\1.1.4c\xpp3-1.1.4c.jar;C:\Users\ckumar84\.m2\repository\org\json\json\20080701\json-20080701.jar;C:\Users\ckumar84\.m2\repository\com\google\guava\guava\28.2-jre\guava-28.2-jre.jar;C:\Users\ckumar84\.m2\repository\com\google\guava\failureaccess\1.0.1\failureaccess-1.0.1.jar;C:\Users\ckumar84\.m2\repository\com\google\guava\listenablefuture\9999.0-empty-to-avoid-conflict-with-guava\listenablefuture-9999.0-empty-to-avoid-conflict-with-guava.jar;C:\Users\ckumar84\.m2\repository\com\google\code\findbugs\jsr305\3.0.2\jsr305-3.0.2.jar;C:\Users\ckumar84\.m2\repository\org\checkerframework\checker-qual\2.10.0\checker-qual-2.10.0.jar;C:\Users\ckumar84\.m2\repository\com\google\errorprone\error_prone_annotations\2.3.4\error_prone_annotations-2.3.4.jar;C:\Users\ckumar84\.m2\repository\com\google\j2objc\j2objc-annotations\1.3\j2objc-annotations-1.3.jar;C:\Users\ckumar84\.m2\repository\com\google\inject\guice\4.2.3\guice-4.2.3.jar;C:\Users\ckumar84\.m2\repository\javax\inject\javax.inject\1\javax.inject-1.jar;C:\Users\ckumar84\.m2\repository\aopalliance\aopalliance\1.0\aopalliance-1.0.jar;C:\Users\ckumar84\.m2\repository\org\freemarker\freemarker\2.3.29\freemarker-2.3.29.jar;C:\Users\ckumar84\.m2\repository\org\apache\commons\commons-lang3\3.9\commons-lang3-3.9.jar;C:\Users\ckumar84\.m2\repository\io\cucumber\cucumber-java\5.7.0\cucumber-java-5.7.0.jar;C:\Users\ckumar84\.m2\repository\org\apiguardian\apiguardian-api\1.1.0\apiguardian-api-1.1.0.jar;C:\Users\ckumar84\.m2\repository\io\cucumber\cucumber-java8\5.7.0\cucumber-java8-5.7.0.jar;C:\Users\ckumar84\.m2\repository\net\jodah\typetools\0.6.2\typetools-0.6.2.jar;C:\Users\ckumar84\.m2\repository\io\cucumber\cucumber-core\5.7.0\cucumber-core-5.7.0.jar;C:\Users\ckumar84\.m2\repository\io\cucumber\cucumber-gherkin-vintage\5.7.0\cucumber-gherkin-vintage-5.7.0.jar;C:\Users\ckumar84\.m2\repository\io\cucumber\tag-expressions\2.0.4\tag-expressions-2.0.4.jar;C:\Users\ckumar84\.m2\repository\io\cucumber\datatable\3.3.1\datatable-3.3.1.jar;C:\Users\ckumar84\.m2\repository\io\cucumber\docstring\5.7.0\docstring-5.7.0.jar;C:\Users\ckumar84\.m2\repository\io\cucumber\cucumber-picocontainer\5.7.0\cucumber-picocontainer-5.7.0.jar;C:\Users\ckumar84\.m2\repository\org\picocontainer\picocontainer\2.15\picocontainer-2.15.jar;C:\Users\ckumar84\.m2\repository\io\cucumber\cucumber-testng\5.7.0\cucumber-testng-5.7.0.jar;C:\Users\ckumar84\.m2\repository\io\cucumber\cucumber-gherkin\5.7.0\cucumber-gherkin-5.7.0.jar;C:\Users\ckumar84\.m2\repository\io\cucumber\cucumber-plugin\5.7.0\cucumber-plugin-5.7.0.jar;C:\Users\ckumar84\.m2\repository\io\cucumber\datatable-dependencies\3.0.0\datatable-dependencies-3.0.0.jar;C:\Users\ckumar84\.m2\repository\io\cucumber\cucumber-expressions\10.0.0\cucumber-expressions-10.0.0.jar;C:\Users\ckumar84\.m2\repository\tech\grasshopper\extentreports-cucumber5-adapter\1.2.0\extentreports-cucumber5-adapter-1.2.0.jar;C:\Users\ckumar84\.m2\repository\com\aventstack\extentreports\4.1.5\extentreports-4.1.5.jar;C:\Users\ckumar84\.m2\repository\org\apache\httpcomponents\httpmime\4.5.2\httpmime-4.5.2.jar;C:\Users\ckumar84\.m2\repository\org\mongodb\bson\3.12.0\bson-3.12.0.jar;C:\Users\ckumar84\.m2\repository\org\mongodb\mongodb-driver\3.3.0\mongodb-driver-3.3.0.jar;C:\Users\ckumar84\.m2\repository\org\mongodb\mongodb-driver-core\3.3.0\mongodb-driver-core-3.3.0.jar;C:\Users\ckumar84\.m2\repository\com\testvagrant\mdb\mdb\2.2.1\mdb-2.2.1.jar;C:\Users\ckumar84\.m2\repository\com\testvagrant\optimus-commons\optimus-commons\2.2.1\optimus-commons-2.2.1.jar;C:\Users\ckumar84\.m2\repository\org\codehaus\jackson\jackson-jaxrs\1.8.5\jackson-jaxrs-1.8.5.jar;C:\Users\ckumar84\.m2\repository\org\codehaus\jackson\jackson-core-asl\1.8.5\jackson-core-asl-1.8.5.jar;C:\Users\ckumar84\.m2\repository\org\codehaus\jackson\jackson-mapper-asl\1.8.5\jackson-mapper-asl-1.8.5.jar;C:\Users\ckumar84\.m2\repository\com\fasterxml\jackson\core\jackson-databind\2.9.0.pr4\jackson-databind-2.9.0.pr4.jar;C:\Users\ckumar84\.m2\repository\com\fasterxml\jackson\core\jackson-annotations\2.9.0.pr4\jackson-annotations-2.9.0.pr4.jar;C:\Users\ckumar84\.m2\repository\com\fasterxml\jackson\core\jackson-core\2.9.0.pr4\jackson-core-2.9.0.pr4.jar;C:\Users\ckumar84\.m2\repository\com\fasterxml\jackson\dataformat\jackson-dataformat-yaml\2.9.0.pr4\jackson-dataformat-yaml-2.9.0.pr4.jar;C:\Users\ckumar84\.m2\repository\io\cucumber\cucumber-junit\2.1.0\cucumber-junit-2.1.0.jar;C:\Users\ckumar84\.m2\repository\log4j\log4j\1.2.17\log4j-1.2.17.jar;C:\Users\ckumar84\.m2\repository\com\github\javafaker\javafaker\1.0.2\javafaker-1.0.2.jar;C:\Users\ckumar84\.m2\repository\org\yaml\snakeyaml\1.23\snakeyaml-1.23-android.jar;C:\Users\ckumar84\.m2\repository\com\github\mifmif\generex\1.0.2\generex-1.0.2.jar;C:\Users\ckumar84\.m2\repository\dk\brics\automaton\automaton\1.11-8\automaton-1.11-8.jar;C:\Users\ckumar84\.m2\repository\io\qameta\allure\allure-cucumber5-jvm\2.13.8\allure-cucumber5-jvm-2.13.8.jar;C:\Users\ckumar84\.m2\repository\io\qameta\allure\allure-java-commons\2.13.8\allure-java-commons-2.13.8.jar;C:\Users\ckumar84\.m2\repository\io\qameta\allure\allure-model\2.13.8\allure-model-2.13.8.jar;C:\Users\ckumar84\.m2\repository\org\apache\tika\tika-core\1.24.1\tika-core-1.24.1.jar;C:\Users\ckumar84\.m2\repository\org\jooq\joor-java-8\0.9.13\joor-java-8-0.9.13.jar;C:\Users\ckumar84\.m2\repository\io\cucumber\gherkin\5.1.0\gherkin-5.1.0.jar;C:\Users\ckumar84\.m2\repository\io\cucumber\gherkin-jvm-deps\1.0.4\gherkin-jvm-deps-1.0.4.jar;C:\Users\ckumar84\.m2\repository\io\qameta\allure\allure-testng\2.13.8\allure-testng-2.13.8.jar;"/>
    <property name="java.vm.vendor" value="Oracle Corporation"/>
    <property name="sun.arch.data.model" value="64"/>
    <property name="user.variant" value=""/>
    <property name="java.vendor.url" value="https://java.oracle.com/"/>
    <property name="user.timezone" value="Asia/Calcutta"/>
    <property name="os.name" value="Windows 10"/>
    <property name="java.vm.specification.version" value="15"/>
    <property name="sun.java.launcher" value="SUN_STANDARD"/>
    <property name="user.country" value="US"/>
    <property name="sun.boot.library.path" value="C:\Users\ckumar84\.p2\pool\plugins\org.eclipse.justj.openjdk.hotspot.jre.full.win32.x86_64_15.0.2.v20210201-0955\jre\bin"/>
    <property name="sun.java.command" value="C:\Users\ckumar84\AppData\Local\Temp\surefire12547237084847332593\surefirebooter668637204712083505.jar C:\Users\ckumar84\AppData\Local\Temp\surefire12547237084847332593 2021-02-28T16-15-43_487-jvmRun1 surefire15509317888207183620tmp surefire_08853838915654022092tmp"/>
    <property name="jdk.debug" value="release"/>
    <property name="surefire.test.class.path" value="C:\Users\ckumar84\Desktop\mobile automation\appium-project\target\test-classes;C:\Users\ckumar84\Desktop\mobile automation\appium-project\target\classes;C:\Users\ckumar84\.m2\repository\org\testng\testng\7.3.0\testng-7.3.0.jar;C:\Users\ckumar84\.m2\repository\com\beust\jcommander\1.78\jcommander-1.78.jar;C:\Users\ckumar84\.m2\repository\org\apache\ant\ant\1.10.3\ant-1.10.3.jar;C:\Users\ckumar84\.m2\repository\org\apache\ant\ant-launcher\1.10.3\ant-launcher-1.10.3.jar;C:\Users\ckumar84\.m2\repository\junit\junit\4.12\junit-4.12.jar;C:\Users\ckumar84\.m2\repository\org\hamcrest\hamcrest-core\1.3\hamcrest-core-1.3.jar;C:\Users\ckumar84\.m2\repository\com\google\inject\guice\4.2.2\guice-4.2.2-no_aop.jar;C:\Users\ckumar84\.m2\repository\org\yaml\snakeyaml\1.21\snakeyaml-1.21.jar;C:\Users\ckumar84\.m2\repository\io\appium\java-client\7.3.0\java-client-7.3.0.jar;C:\Users\ckumar84\.m2\repository\org\seleniumhq\selenium\selenium-java\3.141.59\selenium-java-3.141.59.jar;C:\Users\ckumar84\.m2\repository\org\seleniumhq\selenium\selenium-chrome-driver\3.141.59\selenium-chrome-driver-3.141.59.jar;C:\Users\ckumar84\.m2\repository\org\seleniumhq\selenium\selenium-edge-driver\3.141.59\selenium-edge-driver-3.141.59.jar;C:\Users\ckumar84\.m2\repository\org\seleniumhq\selenium\selenium-firefox-driver\3.141.59\selenium-firefox-driver-3.141.59.jar;C:\Users\ckumar84\.m2\repository\org\seleniumhq\selenium\selenium-ie-driver\3.141.59\selenium-ie-driver-3.141.59.jar;C:\Users\ckumar84\.m2\repository\org\seleniumhq\selenium\selenium-opera-driver\3.141.59\selenium-opera-driver-3.141.59.jar;C:\Users\ckumar84\.m2\repository\org\seleniumhq\selenium\selenium-remote-driver\3.141.59\selenium-remote-driver-3.141.59.jar;C:\Users\ckumar84\.m2\repository\org\seleniumhq\selenium\selenium-safari-driver\3.141.59\selenium-safari-driver-3.141.59.jar;C:\Users\ckumar84\.m2\repository\net\bytebuddy\byte-buddy\1.8.15\byte-buddy-1.8.15.jar;C:\Users\ckumar84\.m2\repository\org\apache\commons\commons-exec\1.3\commons-exec-1.3.jar;C:\Users\ckumar84\.m2\repository\com\squareup\okhttp3\okhttp\3.11.0\okhttp-3.11.0.jar;C:\Users\ckumar84\.m2\repository\com\squareup\okio\okio\1.14.0\okio-1.14.0.jar;C:\Users\ckumar84\.m2\repository\org\seleniumhq\selenium\selenium-support\3.141.59\selenium-support-3.141.59.jar;C:\Users\ckumar84\.m2\repository\org\seleniumhq\selenium\selenium-api\3.141.59\selenium-api-3.141.59.jar;C:\Users\ckumar84\.m2\repository\com\google\code\gson\gson\2.8.5\gson-2.8.5.jar;C:\Users\ckumar84\.m2\repository\org\apache\httpcomponents\httpclient\4.5.9\httpclient-4.5.9.jar;C:\Users\ckumar84\.m2\repository\org\apache\httpcomponents\httpcore\4.4.11\httpcore-4.4.11.jar;C:\Users\ckumar84\.m2\repository\commons-codec\commons-codec\1.11\commons-codec-1.11.jar;C:\Users\ckumar84\.m2\repository\cglib\cglib\3.2.12\cglib-3.2.12.jar;C:\Users\ckumar84\.m2\repository\org\ow2\asm\asm\7.1\asm-7.1.jar;C:\Users\ckumar84\.m2\repository\commons-validator\commons-validator\1.6\commons-validator-1.6.jar;C:\Users\ckumar84\.m2\repository\commons-beanutils\commons-beanutils\1.9.2\commons-beanutils-1.9.2.jar;C:\Users\ckumar84\.m2\repository\commons-digester\commons-digester\1.8.1\commons-digester-1.8.1.jar;C:\Users\ckumar84\.m2\repository\commons-collections\commons-collections\3.2.2\commons-collections-3.2.2.jar;C:\Users\ckumar84\.m2\repository\commons-io\commons-io\2.6\commons-io-2.6.jar;C:\Users\ckumar84\.m2\repository\org\springframework\spring-context\5.1.8.RELEASE\spring-context-5.1.8.RELEASE.jar;C:\Users\ckumar84\.m2\repository\org\springframework\spring-aop\5.1.8.RELEASE\spring-aop-5.1.8.RELEASE.jar;C:\Users\ckumar84\.m2\repository\org\springframework\spring-beans\5.1.8.RELEASE\spring-beans-5.1.8.RELEASE.jar;C:\Users\ckumar84\.m2\repository\org\springframework\spring-core\5.1.8.RELEASE\spring-core-5.1.8.RELEASE.jar;C:\Users\ckumar84\.m2\repository\org\springframework\spring-jcl\5.1.8.RELEASE\spring-jcl-5.1.8.RELEASE.jar;C:\Users\ckumar84\.m2\repository\org\springframework\spring-expression\5.1.8.RELEASE\spring-expression-5.1.8.RELEASE.jar;C:\Users\ckumar84\.m2\repository\org\aspectj\aspectjweaver\1.9.4\aspectjweaver-1.9.4.jar;C:\Users\ckumar84\.m2\repository\org\slf4j\slf4j-api\1.7.26\slf4j-api-1.7.26.jar;C:\Users\ckumar84\.m2\repository\io\github\bonigarcia\webdrivermanager\4.2.2\webdrivermanager-4.2.2.jar;C:\Users\ckumar84\.m2\repository\org\apache\httpcomponents\client5\httpclient5\5.0.1\httpclient5-5.0.1.jar;C:\Users\ckumar84\.m2\repository\org\apache\httpcomponents\core5\httpcore5\5.0.1\httpcore5-5.0.1.jar;C:\Users\ckumar84\.m2\repository\org\apache\httpcomponents\core5\httpcore5-h2\5.0.1\httpcore5-h2-5.0.1.jar;C:\Users\ckumar84\.m2\repository\org\rauschig\jarchivelib\1.1.0\jarchivelib-1.1.0.jar;C:\Users\ckumar84\.m2\repository\org\apache\commons\commons-compress\1.20\commons-compress-1.20.jar;C:\Users\ckumar84\.m2\repository\org\jsoup\jsoup\1.13.1\jsoup-1.13.1.jar;C:\Users\ckumar84\.m2\repository\com\google\android\android\4.1.1.4\android-4.1.1.4.jar;C:\Users\ckumar84\.m2\repository\commons-logging\commons-logging\1.1.1\commons-logging-1.1.1.jar;C:\Users\ckumar84\.m2\repository\org\khronos\opengl-api\gl1.1-android-2.1_r1\opengl-api-gl1.1-android-2.1_r1.jar;C:\Users\ckumar84\.m2\repository\xerces\xmlParserAPIs\2.6.2\xmlParserAPIs-2.6.2.jar;C:\Users\ckumar84\.m2\repository\xpp3\xpp3\1.1.4c\xpp3-1.1.4c.jar;C:\Users\ckumar84\.m2\repository\org\json\json\20080701\json-20080701.jar;C:\Users\ckumar84\.m2\repository\com\google\guava\guava\28.2-jre\guava-28.2-jre.jar;C:\Users\ckumar84\.m2\repository\com\google\guava\failureaccess\1.0.1\failureaccess-1.0.1.jar;C:\Users\ckumar84\.m2\repository\com\google\guava\listenablefuture\9999.0-empty-to-avoid-conflict-with-guava\listenablefuture-9999.0-empty-to-avoid-conflict-with-guava.jar;C:\Users\ckumar84\.m2\repository\com\google\code\findbugs\jsr305\3.0.2\jsr305-3.0.2.jar;C:\Users\ckumar84\.m2\repository\org\checkerframework\checker-qual\2.10.0\checker-qual-2.10.0.jar;C:\Users\ckumar84\.m2\repository\com\google\errorprone\error_prone_annotations\2.3.4\error_prone_annotations-2.3.4.jar;C:\Users\ckumar84\.m2\repository\com\google\j2objc\j2objc-annotations\1.3\j2objc-annotations-1.3.jar;C:\Users\ckumar84\.m2\repository\com\google\inject\guice\4.2.3\guice-4.2.3.jar;C:\Users\ckumar84\.m2\repository\javax\inject\javax.inject\1\javax.inject-1.jar;C:\Users\ckumar84\.m2\repository\aopalliance\aopalliance\1.0\aopalliance-1.0.jar;C:\Users\ckumar84\.m2\repository\org\freemarker\freemarker\2.3.29\freemarker-2.3.29.jar;C:\Users\ckumar84\.m2\repository\org\apache\commons\commons-lang3\3.9\commons-lang3-3.9.jar;C:\Users\ckumar84\.m2\repository\io\cucumber\cucumber-java\5.7.0\cucumber-java-5.7.0.jar;C:\Users\ckumar84\.m2\repository\org\apiguardian\apiguardian-api\1.1.0\apiguardian-api-1.1.0.jar;C:\Users\ckumar84\.m2\repository\io\cucumber\cucumber-java8\5.7.0\cucumber-java8-5.7.0.jar;C:\Users\ckumar84\.m2\repository\net\jodah\typetools\0.6.2\typetools-0.6.2.jar;C:\Users\ckumar84\.m2\repository\io\cucumber\cucumber-core\5.7.0\cucumber-core-5.7.0.jar;C:\Users\ckumar84\.m2\repository\io\cucumber\cucumber-gherkin-vintage\5.7.0\cucumber-gherkin-vintage-5.7.0.jar;C:\Users\ckumar84\.m2\repository\io\cucumber\tag-expressions\2.0.4\tag-expressions-2.0.4.jar;C:\Users\ckumar84\.m2\repository\io\cucumber\datatable\3.3.1\datatable-3.3.1.jar;C:\Users\ckumar84\.m2\repository\io\cucumber\docstring\5.7.0\docstring-5.7.0.jar;C:\Users\ckumar84\.m2\repository\io\cucumber\cucumber-picocontainer\5.7.0\cucumber-picocontainer-5.7.0.jar;C:\Users\ckumar84\.m2\repository\org\picocontainer\picocontainer\2.15\picocontainer-2.15.jar;C:\Users\ckumar84\.m2\repository\io\cucumber\cucumber-testng\5.7.0\cucumber-testng-5.7.0.jar;C:\Users\ckumar84\.m2\repository\io\cucumber\cucumber-gherkin\5.7.0\cucumber-gherkin-5.7.0.jar;C:\Users\ckumar84\.m2\repository\io\cucumber\cucumber-plugin\5.7.0\cucumber-plugin-5.7.0.jar;C:\Users\ckumar84\.m2\repository\io\cucumber\datatable-dependencies\3.0.0\datatable-dependencies-3.0.0.jar;C:\Users\ckumar84\.m2\repository\io\cucumber\cucumber-expressions\10.0.0\cucumber-expressions-10.0.0.jar;C:\Users\ckumar84\.m2\repository\tech\grasshopper\extentreports-cucumber5-adapter\1.2.0\extentreports-cucumber5-adapter-1.2.0.jar;C:\Users\ckumar84\.m2\repository\com\aventstack\extentreports\4.1.5\extentreports-4.1.5.jar;C:\Users\ckumar84\.m2\repository\org\apache\httpcomponents\httpmime\4.5.2\httpmime-4.5.2.jar;C:\Users\ckumar84\.m2\repository\org\mongodb\bson\3.12.0\bson-3.12.0.jar;C:\Users\ckumar84\.m2\repository\org\mongodb\mongodb-driver\3.3.0\mongodb-driver-3.3.0.jar;C:\Users\ckumar84\.m2\repository\org\mongodb\mongodb-driver-core\3.3.0\mongodb-driver-core-3.3.0.jar;C:\Users\ckumar84\.m2\repository\com\testvagrant\mdb\mdb\2.2.1\mdb-2.2.1.jar;C:\Users\ckumar84\.m2\repository\com\testvagrant\optimus-commons\optimus-commons\2.2.1\optimus-commons-2.2.1.jar;C:\Users\ckumar84\.m2\repository\org\codehaus\jackson\jackson-jaxrs\1.8.5\jackson-jaxrs-1.8.5.jar;C:\Users\ckumar84\.m2\repository\org\codehaus\jackson\jackson-core-asl\1.8.5\jackson-core-asl-1.8.5.jar;C:\Users\ckumar84\.m2\repository\org\codehaus\jackson\jackson-mapper-asl\1.8.5\jackson-mapper-asl-1.8.5.jar;C:\Users\ckumar84\.m2\repository\com\fasterxml\jackson\core\jackson-databind\2.9.0.pr4\jackson-databind-2.9.0.pr4.jar;C:\Users\ckumar84\.m2\repository\com\fasterxml\jackson\core\jackson-annotations\2.9.0.pr4\jackson-annotations-2.9.0.pr4.jar;C:\Users\ckumar84\.m2\repository\com\fasterxml\jackson\core\jackson-core\2.9.0.pr4\jackson-core-2.9.0.pr4.jar;C:\Users\ckumar84\.m2\repository\com\fasterxml\jackson\dataformat\jackson-dataformat-yaml\2.9.0.pr4\jackson-dataformat-yaml-2.9.0.pr4.jar;C:\Users\ckumar84\.m2\repository\io\cucumber\cucumber-junit\2.1.0\cucumber-junit-2.1.0.jar;C:\Users\ckumar84\.m2\repository\log4j\log4j\1.2.17\log4j-1.2.17.jar;C:\Users\ckumar84\.m2\repository\com\github\javafaker\javafaker\1.0.2\javafaker-1.0.2.jar;C:\Users\ckumar84\.m2\repository\org\yaml\snakeyaml\1.23\snakeyaml-1.23-android.jar;C:\Users\ckumar84\.m2\repository\com\github\mifmif\generex\1.0.2\generex-1.0.2.jar;C:\Users\ckumar84\.m2\repository\dk\brics\automaton\automaton\1.11-8\automaton-1.11-8.jar;C:\Users\ckumar84\.m2\repository\io\qameta\allure\allure-cucumber5-jvm\2.13.8\allure-cucumber5-jvm-2.13.8.jar;C:\Users\ckumar84\.m2\repository\io\qameta\allure\allure-java-commons\2.13.8\allure-java-commons-2.13.8.jar;C:\Users\ckumar84\.m2\repository\io\qameta\allure\allure-model\2.13.8\allure-model-2.13.8.jar;C:\Users\ckumar84\.m2\repository\org\apache\tika\tika-core\1.24.1\tika-core-1.24.1.jar;C:\Users\ckumar84\.m2\repository\org\jooq\joor-java-8\0.9.13\joor-java-8-0.9.13.jar;C:\Users\ckumar84\.m2\repository\io\cucumber\gherkin\5.1.0\gherkin-5.1.0.jar;C:\Users\ckumar84\.m2\repository\io\cucumber\gherkin-jvm-deps\1.0.4\gherkin-jvm-deps-1.0.4.jar;C:\Users\ckumar84\.m2\repository\io\qameta\allure\allure-testng\2.13.8\allure-testng-2.13.8.jar;"/>
    <property name="sun.cpu.endian" value="little"/>
    <property name="user.home" value="C:\Users\ckumar84"/>
    <property name="user.language" value="en"/>
    <property name="java.specification.vendor" value="Oracle Corporation"/>
    <property name="java.version.date" value="2021-01-19"/>
    <property name="java.home" value="C:\Users\ckumar84\.p2\pool\plugins\org.eclipse.justj.openjdk.hotspot.jre.full.win32.x86_64_15.0.2.v20210201-0955\jre"/>
    <property name="file.separator" value="\"/>
    <property name="basedir" value="C:\Users\ckumar84\Desktop\mobile automation\appium-project"/>
    <property name="java.vm.compressedOopsMode" value="Zero based"/>
    <property name="line.separator" value="&#10;"/>
    <property name="java.vm.specification.vendor" value="Oracle Corporation"/>
    <property name="java.specification.name" value="Java Platform API Specification"/>
    <property name="surefire.real.class.path" value="C:\Users\ckumar84\AppData\Local\Temp\surefire12547237084847332593\surefirebooter668637204712083505.jar"/>
    <property name="user.script" value=""/>
    <property name="sun.management.compiler" value="HotSpot 64-Bit Tiered Compilers"/>
    <property name="java.runtime.version" value="15.0.2+7-27"/>
    <property name="user.name" value="ckumar84"/>
    <property name="path.separator" value=";"/>
    <property name="os.version" value="10.0"/>
    <property name="java.runtime.name" value="OpenJDK Runtime Environment"/>
    <property name="file.encoding" value="Cp1252"/>
    <property name="java.vm.name" value="OpenJDK 64-Bit Server VM"/>
    <property name="platformName" value="Android"/>
    <property name="localRepository" value="C:\Users\ckumar84\.m2\repository"/>
    <property name="java.vendor.url.bug" value="https://bugreport.java.com/bugreport/"/>
    <property name="java.io.tmpdir" value="C:\Users\ckumar84\AppData\Local\Temp\"/>
    <property name="java.version" value="15.0.2"/>
    <property name="user.dir" value="C:\Users\ckumar84\Desktop\mobile automation\appium-project"/>
    <property name="os.arch" value="amd64"/>
    <property name="java.vm.specification.name" value="Java Virtual Machine Specification"/>
    <property name="sun.os.patch.level" value=""/>
    <property name="java.library.path" value="C:\Users\ckumar84\.p2\pool\plugins\org.eclipse.justj.openjdk.hotspot.jre.full.win32.x86_64_15.0.2.v20210201-0955\jre\bin;C:\WINDOWS\Sun\Java\bin;C:\WINDOWS\system32;C:\WINDOWS;C:/Users/ckumar84/.p2/pool/plugins/org.eclipse.justj.openjdk.hotspot.jre.full.win32.x86_64_15.0.2.v20210201-0955/jre/bin/server;C:/Users/ckumar84/.p2/pool/plugins/org.eclipse.justj.openjdk.hotspot.jre.full.win32.x86_64_15.0.2.v20210201-0955/jre/bin;C:\Program Files\Common Files\Microsoft Shared\Microsoft Online Services;C:\Program Files (x86)\Common Files\Microsoft Shared\Microsoft Online Services;C:\ProgramData\Oracle\Java\javapath;C:\WINDOWS\system32;C:\WINDOWS;C:\WINDOWS\System32\Wbem;C:\WINDOWS\System32\WindowsPowerShell\v1.0\;C:\WINDOWS\System32\OpenSSH\;C:\Program Files\Java\jdk1.8.0_161\bin;C:\Program Files\Java\jdk1.8.0_161\bin;C:\Program Files\TortoiseSVN\bin;C:\Program Files\nodejs\;C:\Users\ckumar84\AppData\Local\Android\platform-tools;C:\Program Files\apache-maven-3.6.3\bin;C:\Program Files\apache-maven-3.6.3\bin;C:\Users\ckumar84\AppData\Local\Android\emulator;C:\Users\ckumar84\AppData\Local\Android\tools;C:\Users\ckumar84\AppData\Local\Android\tools\bin;C:\Users\ckumar84\.m2\repository\io\qameta\allure-2.13.8\bin;C:\Users\ckumar84\AppData\Local\Microsoft\WindowsApps;;C:\Program Files\JetBrains\PyCharm Community Edition 2020.2.1\bin;;C:\Users\ckumar84\AppData\Roaming\npm;C:\Users\ckumar84\Desktop;;."/>
    <property name="java.vm.info" value="mixed mode"/>
    <property name="java.vendor" value="Oracle Corporation"/>
    <property name="java.vm.version" value="15.0.2+7-27"/>
    <property name="sun.io.unicode.encoding" value="UnicodeLittle"/>
    <property name="java.class.version" value="59.0"/>
    <property name="current.date.time" value="28-02-2021 16-15-48"/>
  </properties>
  <testcase name="runScenario" classname="galatasaray.testrunner.RunCucumberFeaturesTest" time="85.788"/>
</testsuite>