<?xml version="1.0" encoding="UTF-8"?>
<!-- Generated by org.testng.reporters.JUnitReportReporter -->
<testsuite hostname="M5269826" failures="0" tests="1" name="galatasaray.testrunner.RunCucumberFeaturesTest" time="175.561" errors="0" timestamp="2021-02-28T16:19:30 IST" skipped="0">
  <testcase classname="galatasaray.testrunner.RunCucumberFeaturesTest" name="runScenario" time="175.561"/>
  <system-out/>
</testsuite> <!-- galatasaray.testrunner.RunCucumberFeaturesTest -->
